<?xml version="1.0" encoding="UTF-8"?>
<coverage generated="1563074102385" clover="3.2.0">
  <project timestamp="1563074102385" name="All files">
    <metrics statements="26" coveredstatements="11" conditionals="4" coveredconditionals="0" methods="12" coveredmethods="5" elements="42" coveredelements="16" complexity="0" loc="26" ncloc="26" packages="1" files="3" classes="3"/>
    <file name="header.jsx" path="/Users/marvinho/FEC-project/popular/client/src/components/header.jsx">
      <metrics statements="2" coveredstatements="2" conditionals="0" coveredconditionals="0" methods="1" coveredmethods="1"/>
      <line num="5" count="1" type="stmt"/>
      <line num="7" count="5" type="stmt"/>
    </file>
    <file name="photoList.jsx" path="/Users/marvinho/FEC-project/popular/client/src/components/photoList.jsx">
      <metrics statements="3" coveredstatements="2" conditionals="0" coveredconditionals="0" methods="2" coveredmethods="1"/>
      <line num="6" count="1" type="stmt"/>
      <line num="7" count="2" type="stmt"/>
      <line num="10" count="0" type="stmt"/>
    </file>
    <file name="popular.jsx" path="/Users/marvinho/FEC-project/popular/client/src/components/popular.jsx">
      <metrics statements="21" coveredstatements="7" conditionals="4" coveredconditionals="0" methods="9" coveredmethods="3"/>
      <line num="9" count="3" type="stmt"/>
      <line num="10" count="3" type="stmt"/>
      <line num="14" count="3" type="stmt"/>
      <line num="15" count="3" type="stmt"/>
      <line num="16" count="3" type="stmt"/>
      <line num="20" count="4" type="stmt"/>
      <line num="25" count="0" type="stmt"/>
      <line num="26" count="0" type="stmt"/>
      <line num="33" count="0" type="stmt"/>
      <line num="34" count="0" type="stmt"/>
      <line num="35" count="0" type="cond" truecount="0" falsecount="2"/>
      <line num="36" count="0" type="stmt"/>
      <line num="38" count="0" type="stmt"/>
      <line num="40" count="0" type="stmt"/>
      <line num="41" count="0" type="cond" truecount="0" falsecount="2"/>
      <line num="42" count="0" type="stmt"/>
      <line num="48" count="0" type="stmt"/>
      <line num="49" count="0" type="stmt"/>
      <line num="53" count="0" type="stmt"/>
      <line num="54" count="0" type="stmt"/>
      <line num="59" count="3" type="stmt"/>
    </file>
  </project>
</coverage>
